1492711504864	geckodriver	INFO	Listening on 127.0.0.1:44211
1492711505864	mozprofile::profile	INFO	Using profile path /tmp/rust_mozprofile.vLsyAMcif0QB
1492711505865	geckodriver::marionette	INFO	Starting browser /usr/bin/firefox
1492711505867	geckodriver::marionette	INFO	Connecting to Marionette on localhost:41469

(firefox-esr:2562): GLib-GObject-CRITICAL **: g_type_add_interface_static: assertion 'g_type_parent (interface_type) == G_TYPE_INTERFACE' failed
1492711519709 Marionette: Element does not have an accessible object -> id: , tagName: INPUT, className: text-input email-input js-signin-email

(firefox-esr:2562): GLib-GObject-CRITICAL **: g_type_add_interface_static: assertion 'g_type_parent (interface_type) == G_TYPE_INTERFACE' failed
JavaScript error: resource://gre/modules/LoginManagerParent.jsm, line 185: TypeError: this._recipeManager is null
console.warn: Asynchronous operation was aborted as selection changed.

(firefox-esr:2562): GLib-GObject-CRITICAL **: g_type_add_interface_static: assertion 'g_type_parent (interface_type) == G_TYPE_INTERFACE' failed
1492711548373	geckodriver	INFO	Listening on 127.0.0.1:36055
1492711549377	mozprofile::profile	INFO	Using profile path /tmp/rust_mozprofile.wU4780Svi7xA
1492711549380	geckodriver::marionette	INFO	Starting browser /usr/bin/firefox
1492711549383	geckodriver::marionette	INFO	Connecting to Marionette on localhost:46075
1492711584229	geckodriver	INFO	Listening on 127.0.0.1:60485
1492711585228	mozprofile::profile	INFO	Using profile path /tmp/rust_mozprofile.t6VWoeqRLmzn
1492711585229	geckodriver::marionette	INFO	Starting browser /usr/bin/firefox
1492711585231	geckodriver::marionette	INFO	Connecting to Marionette on localhost:38091
JavaScript error: resource://gre/modules/LoginManagerParent.jsm, line 185: TypeError: this._recipeManager is null
console.warn: Asynchronous operation was aborted as selection changed.
1492711688385	geckodriver	INFO	Listening on 127.0.0.1:45103
1492711689386	mozprofile::profile	INFO	Using profile path /tmp/rust_mozprofile.0Iy6IQjKrGFa
1492711689387	geckodriver::marionette	INFO	Starting browser /usr/bin/firefox
1492711689389	geckodriver::marionette	INFO	Connecting to Marionette on localhost:41531

(firefox-esr:2894): GLib-GObject-CRITICAL **: g_type_add_interface_static: assertion 'g_type_parent (interface_type) == G_TYPE_INTERFACE' failed

(firefox-esr:2894): GLib-GObject-WARNING **: /build/glib2.0-YYXhFA/glib2.0-2.50.3/./gobject/gsignal.c:3492: signal name 'load_complete' is invalid for instance '0x91f06790' of type 'MaiAtkType139'

(firefox-esr:2894): GLib-GObject-CRITICAL **: g_type_add_interface_static: assertion 'g_type_parent (interface_type) == G_TYPE_INTERFACE' failed
1492711702669 Marionette: Element does not have a correct accessibility role and may not be manipulated via the accessibility API -> id: , tagName: INPUT, className: text-input
1492711702714 Marionette: Element does not have a correct accessibility role and may not be manipulated via the accessibility API -> id: , tagName: INPUT, className: text-input
1492711702781 Marionette: Element does not have a correct accessibility role and may not be manipulated via the accessibility API -> id: , tagName: INPUT, className: text-input

(firefox-esr:2894): GLib-GObject-CRITICAL **: g_type_add_interface_static: assertion 'g_type_parent (interface_type) == G_TYPE_INTERFACE' failed
1492711751256	addons.productaddons	ERROR	Request failed certificate checks: [Exception... "SSL is required and URI scheme is not https."  nsresult: "0x8000ffff (NS_ERROR_UNEXPECTED)"  location: "JS frame :: resource://gre/modules/CertUtils.jsm :: checkCert :: line 145"  data: no]

(firefox-esr:2894): GLib-GObject-CRITICAL **: g_type_add_interface_static: assertion 'g_type_parent (interface_type) == G_TYPE_INTERFACE' failed

(firefox-esr:2894): GLib-GObject-CRITICAL **: g_type_add_interface_static: assertion 'g_type_parent (interface_type) == G_TYPE_INTERFACE' failed

(firefox-esr:2894): GLib-GObject-CRITICAL **: g_type_add_interface_static: assertion 'g_type_parent (interface_type) == G_TYPE_INTERFACE' failed
JavaScript warning: https://tpc.googlesyndication.com/sadbundle/$csp%3Der3$/16524808242249934920/index.html#t=7358849774448653452&p=https%3A%2F%2Fgoogleads.g.doubleclick.net, line 12: mutating the [[Prototype]] of an object will cause your code to run very slowly; instead create the object with the correct initial [[Prototype]] value using Object.create

(firefox-esr:2894): GLib-GObject-CRITICAL **: g_type_add_interface_static: assertion 'g_type_parent (interface_type) == G_TYPE_INTERFACE' failed

(firefox-esr:2894): GLib-GObject-CRITICAL **: g_type_add_interface_static: assertion 'g_type_parent (interface_type) == G_TYPE_INTERFACE' failed

(firefox-esr:2894): GLib-GObject-WARNING **: /build/glib2.0-YYXhFA/glib2.0-2.50.3/./gobject/gsignal.c:3492: signal name 'load_complete' is invalid for instance '0x891405e0' of type 'MaiAtkType139'

(firefox-esr:2894): GLib-GObject-WARNING **: /build/glib2.0-YYXhFA/glib2.0-2.50.3/./gobject/gsignal.c:3492: signal name 'load_complete' is invalid for instance '0x89140610' of type 'MaiAtkType139'

(firefox-esr:2894): GLib-GObject-WARNING **: /build/glib2.0-YYXhFA/glib2.0-2.50.3/./gobject/gsignal.c:3492: signal name 'load_complete' is invalid for instance '0x8750b310' of type 'MaiAtkType139'

(firefox-esr:2894): GLib-GObject-WARNING **: /build/glib2.0-YYXhFA/glib2.0-2.50.3/./gobject/gsignal.c:3492: signal name 'load_complete' is invalid for instance '0x8750b340' of type 'MaiAtkType139'

(firefox-esr:2894): GLib-GObject-WARNING **: /build/glib2.0-YYXhFA/glib2.0-2.50.3/./gobject/gsignal.c:3492: signal name 'load_complete' is invalid for instance '0x93ba9040' of type 'MaiAtkType139'

(firefox-esr:2894): GLib-GObject-WARNING **: /build/glib2.0-YYXhFA/glib2.0-2.50.3/./gobject/gsignal.c:3492: signal name 'load_complete' is invalid for instance '0x9a219250' of type 'MaiAtkType139'

(firefox-esr:2894): GLib-GObject-WARNING **: /build/glib2.0-YYXhFA/glib2.0-2.50.3/./gobject/gsignal.c:3492: signal name 'load_complete' is invalid for instance '0x888324c0' of type 'MaiAtkType139'

(firefox-esr:2894): GLib-GObject-WARNING **: /build/glib2.0-YYXhFA/glib2.0-2.50.3/./gobject/gsignal.c:3492: signal name 'load_complete' is invalid for instance '0x86435f10' of type 'MaiAtkType139'
JavaScript warning: https://ton.twimg.com/tfw/js/native_bundle_v1_a60f951cec872fb6a587da493dfd38d7fb78727d.js, line 37: mutating the [[Prototype]] of an object will cause your code to run very slowly; instead create the object with the correct initial [[Prototype]] value using Object.create
JavaScript warning: https://abs.twimg.com/web-video-player/ff07f32fbb15fcd2a3b81fa6662786472f0e07b6/js/build.min.js, line 200: mutating the [[Prototype]] of an object will cause your code to run very slowly; instead create the object with the correct initial [[Prototype]] value using Object.create
JavaScript warning: https://abs.twimg.com/web-video-player/ff07f32fbb15fcd2a3b81fa6662786472f0e07b6/js/build.min.js, line 200: mutating the [[Prototype]] of an object will cause your code to run very slowly; instead create the object with the correct initial [[Prototype]] value using Object.create
JavaScript warning: https://abs.twimg.com/web-video-player/ff07f32fbb15fcd2a3b81fa6662786472f0e07b6/js/build.min.js, line 200: mutating the [[Prototype]] of an object will cause your code to run very slowly; instead create the object with the correct initial [[Prototype]] value using Object.create
JavaScript warning: https://abs.twimg.com/web-video-player/ff07f32fbb15fcd2a3b81fa6662786472f0e07b6/js/build.min.js, line 200: mutating the [[Prototype]] of an object will cause your code to run very slowly; instead create the object with the correct initial [[Prototype]] value using Object.create
JavaScript warning: https://abs.twimg.com/web-video-player/ff07f32fbb15fcd2a3b81fa6662786472f0e07b6/js/build.min.js, line 200: mutating the [[Prototype]] of an object will cause your code to run very slowly; instead create the object with the correct initial [[Prototype]] value using Object.create
JavaScript warning: https://ton.twimg.com/tfw/js/native_bundle_v1_a60f951cec872fb6a587da493dfd38d7fb78727d.js, line 37: mutating the [[Prototype]] of an object will cause your code to run very slowly; instead create the object with the correct initial [[Prototype]] value using Object.create
JavaScript error: resource://gre/modules/LoginManagerParent.jsm, line 185: TypeError: this._recipeManager is null
console.warn: Asynchronous operation was aborted as selection changed.
1492712666798	geckodriver	INFO	Listening on 127.0.0.1:50445
1492712713976	geckodriver	INFO	Listening on 127.0.0.1:54173
1492712714977	mozprofile::profile	INFO	Using profile path /tmp/rust_mozprofile.GmMuIbmXhsJc
1492712714978	geckodriver::marionette	INFO	Starting browser /usr/bin/firefox
1492712714980	geckodriver::marionette	INFO	Connecting to Marionette on localhost:42901

(firefox-esr:3293): GLib-GObject-CRITICAL **: g_type_add_interface_static: assertion 'g_type_parent (interface_type) == G_TYPE_INTERFACE' failed

(firefox-esr:3293): GLib-GObject-WARNING **: /build/glib2.0-YYXhFA/glib2.0-2.50.3/./gobject/gsignal.c:3492: signal name 'load_complete' is invalid for instance '0x9235b760' of type 'MaiAtkType139'

(firefox-esr:3293): GLib-GObject-CRITICAL **: g_type_add_interface_static: assertion 'g_type_parent (interface_type) == G_TYPE_INTERFACE' failed
1492712728142 Marionette: Element does not have a correct accessibility role and may not be manipulated via the accessibility API -> id: , tagName: INPUT, className: text-input
1492712728183 Marionette: Element does not have a correct accessibility role and may not be manipulated via the accessibility API -> id: , tagName: INPUT, className: text-input
1492712728241 Marionette: Element does not have a correct accessibility role and may not be manipulated via the accessibility API -> id: , tagName: INPUT, className: text-input

(firefox-esr:3293): GLib-GObject-CRITICAL **: g_type_add_interface_static: assertion 'g_type_parent (interface_type) == G_TYPE_INTERFACE' failed

(firefox-esr:3293): GLib-GObject-CRITICAL **: g_type_add_interface_static: assertion 'g_type_parent (interface_type) == G_TYPE_INTERFACE' failed

(firefox-esr:3293): GLib-GObject-CRITICAL **: g_type_add_interface_static: assertion 'g_type_parent (interface_type) == G_TYPE_INTERFACE' failed
1492712777472	geckodriver	INFO	Listening on 127.0.0.1:37587
1492712778471	mozprofile::profile	INFO	Using profile path /tmp/rust_mozprofile.Riir7A4GY7rh
1492712778472	geckodriver::marionette	INFO	Starting browser /usr/bin/firefox
1492712778473	geckodriver::marionette	INFO	Connecting to Marionette on localhost:41715

(firefox-esr:3387): GLib-GObject-CRITICAL **: g_type_add_interface_static: assertion 'g_type_parent (interface_type) == G_TYPE_INTERFACE' failed

(firefox-esr:3387): GLib-GObject-WARNING **: /build/glib2.0-YYXhFA/glib2.0-2.50.3/./gobject/gsignal.c:3492: signal name 'load_complete' is invalid for instance '0x9148c280' of type 'MaiAtkType139'

(firefox-esr:3387): GLib-GObject-CRITICAL **: g_type_add_interface_static: assertion 'g_type_parent (interface_type) == G_TYPE_INTERFACE' failed
1492712791227 Marionette: Element does not have a correct accessibility role and may not be manipulated via the accessibility API -> id: , tagName: INPUT, className: text-input
1492712791268 Marionette: Element does not have a correct accessibility role and may not be manipulated via the accessibility API -> id: , tagName: INPUT, className: text-input
1492712791326 Marionette: Element does not have a correct accessibility role and may not be manipulated via the accessibility API -> id: , tagName: INPUT, className: text-input

(firefox-esr:3387): GLib-GObject-CRITICAL **: g_type_add_interface_static: assertion 'g_type_parent (interface_type) == G_TYPE_INTERFACE' failed

(firefox-esr:3387): GLib-GObject-CRITICAL **: g_type_add_interface_static: assertion 'g_type_parent (interface_type) == G_TYPE_INTERFACE' failed

(firefox-esr:3387): GLib-GObject-CRITICAL **: g_type_add_interface_static: assertion 'g_type_parent (interface_type) == G_TYPE_INTERFACE' failed

(firefox-esr:3387): GLib-GObject-CRITICAL **: g_type_add_interface_static: assertion 'g_type_parent (interface_type) == G_TYPE_INTERFACE' failed
console.warn: Asynchronous operation was aborted as selection changed.

(firefox-esr:3387): GLib-GObject-CRITICAL **: g_type_add_interface_static: assertion 'g_type_parent (interface_type) == G_TYPE_INTERFACE' failed
1492712840373	addons.productaddons	ERROR	Request failed certificate checks: [Exception... "SSL is required and URI scheme is not https."  nsresult: "0x8000ffff (NS_ERROR_UNEXPECTED)"  location: "JS frame :: resource://gre/modules/CertUtils.jsm :: checkCert :: line 145"  data: no]
JavaScript warning: https://abs.twimg.com/web-video-player/ff07f32fbb15fcd2a3b81fa6662786472f0e07b6/js/build.min.js, line 200: mutating the [[Prototype]] of an object will cause your code to run very slowly; instead create the object with the correct initial [[Prototype]] value using Object.create
Handler function threw an exception: TypeError: threadActor is null
Stack: TabActor.prototype._windowReady@resource://gre/modules/commonjs/toolkit/loader.js -> resource://devtools/server/actors/webbrowser.js:1684:1
TabActor.prototype._changeTopLevelDocument/<@resource://gre/modules/commonjs/toolkit/loader.js -> resource://devtools/server/actors/webbrowser.js:1621:7
makeInfallible/<@resource://gre/modules/commonjs/toolkit/loader.js -> resource://devtools/shared/DevToolsUtils.js:87:14
Line: 1684, column: 1
1492727127305	geckodriver	INFO	Listening on 127.0.0.1:36795
1492727128304	mozprofile::profile	INFO	Using profile path /tmp/rust_mozprofile.BH3Ttyd3pJJa
1492727128305	geckodriver::marionette	INFO	Starting browser /usr/bin/firefox
1492727128306	geckodriver::marionette	INFO	Connecting to Marionette on localhost:40679

(firefox-esr:3961): GLib-GObject-CRITICAL **: g_type_add_interface_static: assertion 'g_type_parent (interface_type) == G_TYPE_INTERFACE' failed

(firefox-esr:3961): GLib-GObject-WARNING **: /build/glib2.0-YYXhFA/glib2.0-2.50.3/./gobject/gsignal.c:3492: signal name 'load_complete' is invalid for instance '0x934f2490' of type 'MaiAtkType139'

(firefox-esr:3961): GLib-GObject-CRITICAL **: g_type_add_interface_static: assertion 'g_type_parent (interface_type) == G_TYPE_INTERFACE' failed
1492727145416 Marionette: Element does not have a correct accessibility role and may not be manipulated via the accessibility API -> id: , tagName: INPUT, className: text-input
1492727145450 Marionette: Element does not have a correct accessibility role and may not be manipulated via the accessibility API -> id: , tagName: INPUT, className: text-input
1492727145523 Marionette: Element does not have a correct accessibility role and may not be manipulated via the accessibility API -> id: , tagName: INPUT, className: text-input

(firefox-esr:3961): GLib-GObject-CRITICAL **: g_type_add_interface_static: assertion 'g_type_parent (interface_type) == G_TYPE_INTERFACE' failed

(firefox-esr:3961): GLib-GObject-CRITICAL **: g_type_add_interface_static: assertion 'g_type_parent (interface_type) == G_TYPE_INTERFACE' failed

(firefox-esr:3961): GLib-GObject-CRITICAL **: g_type_add_interface_static: assertion 'g_type_parent (interface_type) == G_TYPE_INTERFACE' failed

(firefox-esr:3961): GLib-GObject-CRITICAL **: g_type_add_interface_static: assertion 'g_type_parent (interface_type) == G_TYPE_INTERFACE' failed

(firefox-esr:3961): GLib-GObject-CRITICAL **: g_type_add_interface_static: assertion 'g_type_parent (interface_type) == G_TYPE_INTERFACE' failed
JavaScript warning: https://abs.twimg.com/web-video-player/ff07f32fbb15fcd2a3b81fa6662786472f0e07b6/js/build.min.js, line 200: mutating the [[Prototype]] of an object will cause your code to run very slowly; instead create the object with the correct initial [[Prototype]] value using Object.create
JavaScript warning: https://abs.twimg.com/web-video-player/ff07f32fbb15fcd2a3b81fa6662786472f0e07b6/js/build.min.js, line 200: mutating the [[Prototype]] of an object will cause your code to run very slowly; instead create the object with the correct initial [[Prototype]] value using Object.create
1492727190381	addons.productaddons	ERROR	Request failed certificate checks: [Exception... "SSL is required and URI scheme is not https."  nsresult: "0x8000ffff (NS_ERROR_UNEXPECTED)"  location: "JS frame :: resource://gre/modules/CertUtils.jsm :: checkCert :: line 145"  data: no]
JavaScript warning: https://abs.twimg.com/web-video-player/ff07f32fbb15fcd2a3b81fa6662786472f0e07b6/js/build.min.js, line 200: mutating the [[Prototype]] of an object will cause your code to run very slowly; instead create the object with the correct initial [[Prototype]] value using Object.create
console.warn: Asynchronous operation was aborted as selection changed.
1492727257134	geckodriver	INFO	Listening on 127.0.0.1:43823
1492727258133	mozprofile::profile	INFO	Using profile path /tmp/rust_mozprofile.M8EQE3YoAJ0v
1492727258134	geckodriver::marionette	INFO	Starting browser /usr/bin/firefox
1492727258135	geckodriver::marionette	INFO	Connecting to Marionette on localhost:44087
1492727289341	geckodriver	INFO	Listening on 127.0.0.1:51465
1492727290341	mozprofile::profile	INFO	Using profile path /tmp/rust_mozprofile.4LQIgihoAqFb
1492727290342	geckodriver::marionette	INFO	Starting browser /usr/bin/firefox
1492727290344	geckodriver::marionette	INFO	Connecting to Marionette on localhost:42483

(firefox-esr:4194): GLib-GObject-CRITICAL **: g_type_add_interface_static: assertion 'g_type_parent (interface_type) == G_TYPE_INTERFACE' failed

(firefox-esr:4194): GLib-GObject-WARNING **: /build/glib2.0-YYXhFA/glib2.0-2.50.3/./gobject/gsignal.c:3492: signal name 'load_complete' is invalid for instance '0x91ee8940' of type 'MaiAtkType139'

(firefox-esr:4194): GLib-GObject-CRITICAL **: g_type_add_interface_static: assertion 'g_type_parent (interface_type) == G_TYPE_INTERFACE' failed
1492727304407 Marionette: Element does not have a correct accessibility role and may not be manipulated via the accessibility API -> id: , tagName: INPUT, className: text-input
1492727304436 Marionette: Element does not have a correct accessibility role and may not be manipulated via the accessibility API -> id: , tagName: INPUT, className: text-input
1492727304499 Marionette: Element does not have a correct accessibility role and may not be manipulated via the accessibility API -> id: , tagName: INPUT, className: text-input

(firefox-esr:4194): GLib-GObject-CRITICAL **: g_type_add_interface_static: assertion 'g_type_parent (interface_type) == G_TYPE_INTERFACE' failed

(firefox-esr:4194): GLib-GObject-CRITICAL **: g_type_add_interface_static: assertion 'g_type_parent (interface_type) == G_TYPE_INTERFACE' failed

(firefox-esr:4194): GLib-GObject-CRITICAL **: g_type_add_interface_static: assertion 'g_type_parent (interface_type) == G_TYPE_INTERFACE' failed

(firefox-esr:4194): GLib-GObject-CRITICAL **: g_type_add_interface_static: assertion 'g_type_parent (interface_type) == G_TYPE_INTERFACE' failed

(firefox-esr:4194): GLib-GObject-CRITICAL **: g_type_add_interface_static: assertion 'g_type_parent (interface_type) == G_TYPE_INTERFACE' failed
JavaScript warning: https://abs.twimg.com/web-video-player/ff07f32fbb15fcd2a3b81fa6662786472f0e07b6/js/build.min.js, line 200: mutating the [[Prototype]] of an object will cause your code to run very slowly; instead create the object with the correct initial [[Prototype]] value using Object.create
JavaScript warning: https://abs.twimg.com/web-video-player/ff07f32fbb15fcd2a3b81fa6662786472f0e07b6/js/build.min.js, line 200: mutating the [[Prototype]] of an object will cause your code to run very slowly; instead create the object with the correct initial [[Prototype]] value using Object.create
1492727345241	geckodriver	INFO	Listening on 127.0.0.1:52245
1492727346240	mozprofile::profile	INFO	Using profile path /tmp/rust_mozprofile.I5EttJWwzN8u
1492727346241	geckodriver::marionette	INFO	Starting browser /usr/bin/firefox
1492727346242	geckodriver::marionette	INFO	Connecting to Marionette on localhost:38733

(firefox-esr:4322): GLib-GObject-CRITICAL **: g_type_add_interface_static: assertion 'g_type_parent (interface_type) == G_TYPE_INTERFACE' failed

(firefox-esr:4322): GLib-GObject-WARNING **: /build/glib2.0-YYXhFA/glib2.0-2.50.3/./gobject/gsignal.c:3492: signal name 'load_complete' is invalid for instance '0x92467160' of type 'MaiAtkType139'

(firefox-esr:4322): GLib-GObject-CRITICAL **: g_type_add_interface_static: assertion 'g_type_parent (interface_type) == G_TYPE_INTERFACE' failed
1492727359542 Marionette: Element does not have a correct accessibility role and may not be manipulated via the accessibility API -> id: , tagName: INPUT, className: text-input
1492727359576 Marionette: Element does not have a correct accessibility role and may not be manipulated via the accessibility API -> id: , tagName: INPUT, className: text-input
1492727359634 Marionette: Element does not have a correct accessibility role and may not be manipulated via the accessibility API -> id: , tagName: INPUT, className: text-input

(firefox-esr:4322): GLib-GObject-CRITICAL **: g_type_add_interface_static: assertion 'g_type_parent (interface_type) == G_TYPE_INTERFACE' failed

(firefox-esr:4322): GLib-GObject-CRITICAL **: g_type_add_interface_static: assertion 'g_type_parent (interface_type) == G_TYPE_INTERFACE' failed

(firefox-esr:4322): GLib-GObject-CRITICAL **: g_type_add_interface_static: assertion 'g_type_parent (interface_type) == G_TYPE_INTERFACE' failed

(firefox-esr:4322): GLib-GObject-CRITICAL **: g_type_add_interface_static: assertion 'g_type_parent (interface_type) == G_TYPE_INTERFACE' failed

(firefox-esr:4322): GLib-GObject-CRITICAL **: g_type_add_interface_static: assertion 'g_type_parent (interface_type) == G_TYPE_INTERFACE' failed
JavaScript warning: https://abs.twimg.com/web-video-player/ff07f32fbb15fcd2a3b81fa6662786472f0e07b6/js/build.min.js, line 200: mutating the [[Prototype]] of an object will cause your code to run very slowly; instead create the object with the correct initial [[Prototype]] value using Object.create
JavaScript warning: https://abs.twimg.com/web-video-player/ff07f32fbb15fcd2a3b81fa6662786472f0e07b6/js/build.min.js, line 200: mutating the [[Prototype]] of an object will cause your code to run very slowly; instead create the object with the correct initial [[Prototype]] value using Object.create
JavaScript warning: https://abs.twimg.com/web-video-player/ff07f32fbb15fcd2a3b81fa6662786472f0e07b6/js/build.min.js, line 200: mutating the [[Prototype]] of an object will cause your code to run very slowly; instead create the object with the correct initial [[Prototype]] value using Object.create
JavaScript warning: https://ton.twimg.com/tfw/js/native_bundle_v1_a60f951cec872fb6a587da493dfd38d7fb78727d.js, line 37: mutating the [[Prototype]] of an object will cause your code to run very slowly; instead create the object with the correct initial [[Prototype]] value using Object.create
JavaScript warning: https://ton.twimg.com/tfw/js/native_bundle_v1_a60f951cec872fb6a587da493dfd38d7fb78727d.js, line 37: mutating the [[Prototype]] of an object will cause your code to run very slowly; instead create the object with the correct initial [[Prototype]] value using Object.create
1492727408258	addons.productaddons	ERROR	Request failed certificate checks: [Exception... "SSL is required and URI scheme is not https."  nsresult: "0x8000ffff (NS_ERROR_UNEXPECTED)"  location: "JS frame :: resource://gre/modules/CertUtils.jsm :: checkCert :: line 145"  data: no]
JavaScript warning: https://ton.twimg.com/tfw/js/native_bundle_v1_a60f951cec872fb6a587da493dfd38d7fb78727d.js, line 37: mutating the [[Prototype]] of an object will cause your code to run very slowly; instead create the object with the correct initial [[Prototype]] value using Object.create
1492727642477	geckodriver	INFO	Listening on 127.0.0.1:55059
1492727643476	mozprofile::profile	INFO	Using profile path /tmp/rust_mozprofile.k7wkFS8GbvBA
1492727643477	geckodriver::marionette	INFO	Starting browser /usr/bin/firefox
1492727643479	geckodriver::marionette	INFO	Connecting to Marionette on localhost:42271

(firefox-esr:4484): GLib-GObject-CRITICAL **: g_type_add_interface_static: assertion 'g_type_parent (interface_type) == G_TYPE_INTERFACE' failed

(firefox-esr:4484): GLib-GObject-WARNING **: /build/glib2.0-YYXhFA/glib2.0-2.50.3/./gobject/gsignal.c:3492: signal name 'load_complete' is invalid for instance '0x905c15b0' of type 'MaiAtkType139'

(firefox-esr:4484): GLib-GObject-CRITICAL **: g_type_add_interface_static: assertion 'g_type_parent (interface_type) == G_TYPE_INTERFACE' failed
1492727656404 Marionette: Element does not have a correct accessibility role and may not be manipulated via the accessibility API -> id: , tagName: INPUT, className: text-input
1492727656444 Marionette: Element does not have a correct accessibility role and may not be manipulated via the accessibility API -> id: , tagName: INPUT, className: text-input
1492727656507 Marionette: Element does not have a correct accessibility role and may not be manipulated via the accessibility API -> id: , tagName: INPUT, className: text-input

(firefox-esr:4484): GLib-GObject-CRITICAL **: g_type_add_interface_static: assertion 'g_type_parent (interface_type) == G_TYPE_INTERFACE' failed

(firefox-esr:4484): GLib-GObject-CRITICAL **: g_type_add_interface_static: assertion 'g_type_parent (interface_type) == G_TYPE_INTERFACE' failed

(firefox-esr:4484): GLib-GObject-CRITICAL **: g_type_add_interface_static: assertion 'g_type_parent (interface_type) == G_TYPE_INTERFACE' failed

(firefox-esr:4484): GLib-GObject-CRITICAL **: g_type_add_interface_static: assertion 'g_type_parent (interface_type) == G_TYPE_INTERFACE' failed

(firefox-esr:4484): GLib-GObject-CRITICAL **: g_type_add_interface_static: assertion 'g_type_parent (interface_type) == G_TYPE_INTERFACE' failed
JavaScript warning: https://abs.twimg.com/web-video-player/ff07f32fbb15fcd2a3b81fa6662786472f0e07b6/js/build.min.js, line 200: mutating the [[Prototype]] of an object will cause your code to run very slowly; instead create the object with the correct initial [[Prototype]] value using Object.create
JavaScript warning: https://abs.twimg.com/web-video-player/ff07f32fbb15fcd2a3b81fa6662786472f0e07b6/js/build.min.js, line 200: mutating the [[Prototype]] of an object will cause your code to run very slowly; instead create the object with the correct initial [[Prototype]] value using Object.create
JavaScript warning: https://abs.twimg.com/web-video-player/ff07f32fbb15fcd2a3b81fa6662786472f0e07b6/js/build.min.js, line 200: mutating the [[Prototype]] of an object will cause your code to run very slowly; instead create the object with the correct initial [[Prototype]] value using Object.create
JavaScript warning: https://ton.twimg.com/tfw/js/native_bundle_v1_a60f951cec872fb6a587da493dfd38d7fb78727d.js, line 37: mutating the [[Prototype]] of an object will cause your code to run very slowly; instead create the object with the correct initial [[Prototype]] value using Object.create
JavaScript warning: https://ton.twimg.com/tfw/js/native_bundle_v1_a60f951cec872fb6a587da493dfd38d7fb78727d.js, line 37: mutating the [[Prototype]] of an object will cause your code to run very slowly; instead create the object with the correct initial [[Prototype]] value using Object.create
1492727705357	addons.productaddons	ERROR	Request failed certificate checks: [Exception... "SSL is required and URI scheme is not https."  nsresult: "0x8000ffff (NS_ERROR_UNEXPECTED)"  location: "JS frame :: resource://gre/modules/CertUtils.jsm :: checkCert :: line 145"  data: no]
JavaScript warning: https://ton.twimg.com/tfw/js/native_bundle_v1_a60f951cec872fb6a587da493dfd38d7fb78727d.js, line 37: mutating the [[Prototype]] of an object will cause your code to run very slowly; instead create the object with the correct initial [[Prototype]] value using Object.create
JavaScript error: chrome://browser/content/tab-content.js, line 333: TypeError: content is null
1492728001990	geckodriver	INFO	Listening on 127.0.0.1:45997
1492728002990	mozprofile::profile	INFO	Using profile path /tmp/rust_mozprofile.Zcem2F0iSfkn
1492728002991	geckodriver::marionette	INFO	Starting browser /usr/bin/firefox
1492728002993	geckodriver::marionette	INFO	Connecting to Marionette on localhost:34163

(firefox-esr:4663): GLib-GObject-CRITICAL **: g_type_add_interface_static: assertion 'g_type_parent (interface_type) == G_TYPE_INTERFACE' failed

(firefox-esr:4663): GLib-GObject-WARNING **: /build/glib2.0-YYXhFA/glib2.0-2.50.3/./gobject/gsignal.c:3492: signal name 'load_complete' is invalid for instance '0x91e1d0d0' of type 'MaiAtkType139'

(firefox-esr:4663): GLib-GObject-CRITICAL **: g_type_add_interface_static: assertion 'g_type_parent (interface_type) == G_TYPE_INTERFACE' failed
1492728016994 Marionette: Element does not have a correct accessibility role and may not be manipulated via the accessibility API -> id: , tagName: INPUT, className: text-input
1492728017034 Marionette: Element does not have a correct accessibility role and may not be manipulated via the accessibility API -> id: , tagName: INPUT, className: text-input
1492728017101 Marionette: Element does not have a correct accessibility role and may not be manipulated via the accessibility API -> id: , tagName: INPUT, className: text-input

(firefox-esr:4663): GLib-GObject-CRITICAL **: g_type_add_interface_static: assertion 'g_type_parent (interface_type) == G_TYPE_INTERFACE' failed

(firefox-esr:4663): GLib-GObject-CRITICAL **: g_type_add_interface_static: assertion 'g_type_parent (interface_type) == G_TYPE_INTERFACE' failed

(firefox-esr:4663): GLib-GObject-CRITICAL **: g_type_add_interface_static: assertion 'g_type_parent (interface_type) == G_TYPE_INTERFACE' failed

(firefox-esr:4663): GLib-GObject-CRITICAL **: g_type_add_interface_static: assertion 'g_type_parent (interface_type) == G_TYPE_INTERFACE' failed

(firefox-esr:4663): GLib-GObject-CRITICAL **: g_type_add_interface_static: assertion 'g_type_parent (interface_type) == G_TYPE_INTERFACE' failed
JavaScript warning: https://abs.twimg.com/web-video-player/ff07f32fbb15fcd2a3b81fa6662786472f0e07b6/js/build.min.js, line 200: mutating the [[Prototype]] of an object will cause your code to run very slowly; instead create the object with the correct initial [[Prototype]] value using Object.create
JavaScript warning: https://abs.twimg.com/web-video-player/ff07f32fbb15fcd2a3b81fa6662786472f0e07b6/js/build.min.js, line 200: mutating the [[Prototype]] of an object will cause your code to run very slowly; instead create the object with the correct initial [[Prototype]] value using Object.create
JavaScript warning: https://abs.twimg.com/web-video-player/ff07f32fbb15fcd2a3b81fa6662786472f0e07b6/js/build.min.js, line 200: mutating the [[Prototype]] of an object will cause your code to run very slowly; instead create the object with the correct initial [[Prototype]] value using Object.create
JavaScript warning: https://ton.twimg.com/tfw/js/native_bundle_v1_a60f951cec872fb6a587da493dfd38d7fb78727d.js, line 37: mutating the [[Prototype]] of an object will cause your code to run very slowly; instead create the object with the correct initial [[Prototype]] value using Object.create
JavaScript warning: https://ton.twimg.com/tfw/js/native_bundle_v1_a60f951cec872fb6a587da493dfd38d7fb78727d.js, line 37: mutating the [[Prototype]] of an object will cause your code to run very slowly; instead create the object with the correct initial [[Prototype]] value using Object.create
1492728065608	addons.productaddons	ERROR	Request failed certificate checks: [Exception... "SSL is required and URI scheme is not https."  nsresult: "0x8000ffff (NS_ERROR_UNEXPECTED)"  location: "JS frame :: resource://gre/modules/CertUtils.jsm :: checkCert :: line 145"  data: no]
JavaScript warning: https://ton.twimg.com/tfw/js/native_bundle_v1_a60f951cec872fb6a587da493dfd38d7fb78727d.js, line 37: mutating the [[Prototype]] of an object will cause your code to run very slowly; instead create the object with the correct initial [[Prototype]] value using Object.create
JavaScript error: chrome://browser/content/tab-content.js, line 333: TypeError: content is null
1492728393535	geckodriver	INFO	Listening on 127.0.0.1:40771
1492728394534	mozprofile::profile	INFO	Using profile path /tmp/rust_mozprofile.kFD5oY8xnvJD
1492728394535	geckodriver::marionette	INFO	Starting browser /usr/bin/firefox
1492728394537	geckodriver::marionette	INFO	Connecting to Marionette on localhost:34905

(firefox-esr:4880): GLib-GObject-CRITICAL **: g_type_add_interface_static: assertion 'g_type_parent (interface_type) == G_TYPE_INTERFACE' failed

(firefox-esr:4880): GLib-GObject-WARNING **: /build/glib2.0-YYXhFA/glib2.0-2.50.3/./gobject/gsignal.c:3492: signal name 'load_complete' is invalid for instance '0x91f1edc0' of type 'MaiAtkType139'

(firefox-esr:4880): GLib-GObject-CRITICAL **: g_type_add_interface_static: assertion 'g_type_parent (interface_type) == G_TYPE_INTERFACE' failed
1492728408007 Marionette: Element does not have a correct accessibility role and may not be manipulated via the accessibility API -> id: , tagName: INPUT, className: text-input
1492728408042 Marionette: Element does not have a correct accessibility role and may not be manipulated via the accessibility API -> id: , tagName: INPUT, className: text-input
1492728408109 Marionette: Element does not have a correct accessibility role and may not be manipulated via the accessibility API -> id: , tagName: INPUT, className: text-input

(firefox-esr:4880): GLib-GObject-CRITICAL **: g_type_add_interface_static: assertion 'g_type_parent (interface_type) == G_TYPE_INTERFACE' failed

(firefox-esr:4880): GLib-GObject-CRITICAL **: g_type_add_interface_static: assertion 'g_type_parent (interface_type) == G_TYPE_INTERFACE' failed

(firefox-esr:4880): GLib-GObject-CRITICAL **: g_type_add_interface_static: assertion 'g_type_parent (interface_type) == G_TYPE_INTERFACE' failed

(firefox-esr:4880): GLib-GObject-CRITICAL **: g_type_add_interface_static: assertion 'g_type_parent (interface_type) == G_TYPE_INTERFACE' failed

(firefox-esr:4880): GLib-GObject-CRITICAL **: g_type_add_interface_static: assertion 'g_type_parent (interface_type) == G_TYPE_INTERFACE' failed
JavaScript warning: https://abs.twimg.com/web-video-player/ff07f32fbb15fcd2a3b81fa6662786472f0e07b6/js/build.min.js, line 200: mutating the [[Prototype]] of an object will cause your code to run very slowly; instead create the object with the correct initial [[Prototype]] value using Object.create
JavaScript warning: https://abs.twimg.com/web-video-player/ff07f32fbb15fcd2a3b81fa6662786472f0e07b6/js/build.min.js, line 200: mutating the [[Prototype]] of an object will cause your code to run very slowly; instead create the object with the correct initial [[Prototype]] value using Object.create
JavaScript warning: https://abs.twimg.com/web-video-player/ff07f32fbb15fcd2a3b81fa6662786472f0e07b6/js/build.min.js, line 200: mutating the [[Prototype]] of an object will cause your code to run very slowly; instead create the object with the correct initial [[Prototype]] value using Object.create
JavaScript warning: https://ton.twimg.com/tfw/js/native_bundle_v1_06ee3271125719e358fd82a596bdcbf1cfe11ae5.js, line 37: mutating the [[Prototype]] of an object will cause your code to run very slowly; instead create the object with the correct initial [[Prototype]] value using Object.create
1492728456846	addons.productaddons	ERROR	Request failed certificate checks: [Exception... "SSL is required and URI scheme is not https."  nsresult: "0x8000ffff (NS_ERROR_UNEXPECTED)"  location: "JS frame :: resource://gre/modules/CertUtils.jsm :: checkCert :: line 145"  data: no]
JavaScript warning: https://ton.twimg.com/tfw/js/native_bundle_v1_a60f951cec872fb6a587da493dfd38d7fb78727d.js, line 37: mutating the [[Prototype]] of an object will cause your code to run very slowly; instead create the object with the correct initial [[Prototype]] value using Object.create
1492728574786	geckodriver	INFO	Listening on 127.0.0.1:50237
1492728575786	mozprofile::profile	INFO	Using profile path /tmp/rust_mozprofile.kIrtDFO5Wr9I
1492728575787	geckodriver::marionette	INFO	Starting browser /usr/bin/firefox
1492728575788	geckodriver::marionette	INFO	Connecting to Marionette on localhost:40607

(firefox-esr:5011): GLib-GObject-CRITICAL **: g_type_add_interface_static: assertion 'g_type_parent (interface_type) == G_TYPE_INTERFACE' failed

(firefox-esr:5011): GLib-GObject-WARNING **: /build/glib2.0-YYXhFA/glib2.0-2.50.3/./gobject/gsignal.c:3492: signal name 'load_complete' is invalid for instance '0x927db2b0' of type 'MaiAtkType139'

(firefox-esr:5011): GLib-GObject-CRITICAL **: g_type_add_interface_static: assertion 'g_type_parent (interface_type) == G_TYPE_INTERFACE' failed
1492728588933 Marionette: Element does not have a correct accessibility role and may not be manipulated via the accessibility API -> id: , tagName: INPUT, className: text-input
1492728588967 Marionette: Element does not have a correct accessibility role and may not be manipulated via the accessibility API -> id: , tagName: INPUT, className: text-input
1492728589022 Marionette: Element does not have a correct accessibility role and may not be manipulated via the accessibility API -> id: , tagName: INPUT, className: text-input

(firefox-esr:5011): GLib-GObject-CRITICAL **: g_type_add_interface_static: assertion 'g_type_parent (interface_type) == G_TYPE_INTERFACE' failed

(firefox-esr:5011): GLib-GObject-CRITICAL **: g_type_add_interface_static: assertion 'g_type_parent (interface_type) == G_TYPE_INTERFACE' failed

(firefox-esr:5011): GLib-GObject-CRITICAL **: g_type_add_interface_static: assertion 'g_type_parent (interface_type) == G_TYPE_INTERFACE' failed

(firefox-esr:5011): GLib-GObject-CRITICAL **: g_type_add_interface_static: assertion 'g_type_parent (interface_type) == G_TYPE_INTERFACE' failed

(firefox-esr:5011): GLib-GObject-CRITICAL **: g_type_add_interface_static: assertion 'g_type_parent (interface_type) == G_TYPE_INTERFACE' failed
JavaScript warning: https://abs.twimg.com/web-video-player/ff07f32fbb15fcd2a3b81fa6662786472f0e07b6/js/build.min.js, line 200: mutating the [[Prototype]] of an object will cause your code to run very slowly; instead create the object with the correct initial [[Prototype]] value using Object.create
JavaScript warning: https://abs.twimg.com/web-video-player/ff07f32fbb15fcd2a3b81fa6662786472f0e07b6/js/build.min.js, line 200: mutating the [[Prototype]] of an object will cause your code to run very slowly; instead create the object with the correct initial [[Prototype]] value using Object.create
JavaScript warning: https://abs.twimg.com/web-video-player/ff07f32fbb15fcd2a3b81fa6662786472f0e07b6/js/build.min.js, line 200: mutating the [[Prototype]] of an object will cause your code to run very slowly; instead create the object with the correct initial [[Prototype]] value using Object.create
JavaScript warning: https://ton.twimg.com/tfw/js/native_bundle_v1_a60f951cec872fb6a587da493dfd38d7fb78727d.js, line 37: mutating the [[Prototype]] of an object will cause your code to run very slowly; instead create the object with the correct initial [[Prototype]] value using Object.create
JavaScript warning: https://ton.twimg.com/tfw/js/native_bundle_v1_a60f951cec872fb6a587da493dfd38d7fb78727d.js, line 37: mutating the [[Prototype]] of an object will cause your code to run very slowly; instead create the object with the correct initial [[Prototype]] value using Object.create
1492728637793	addons.productaddons	ERROR	Request failed certificate checks: [Exception... "SSL is required and URI scheme is not https."  nsresult: "0x8000ffff (NS_ERROR_UNEXPECTED)"  location: "JS frame :: resource://gre/modules/CertUtils.jsm :: checkCert :: line 145"  data: no]
JavaScript warning: https://ton.twimg.com/tfw/js/native_bundle_v1_a60f951cec872fb6a587da493dfd38d7fb78727d.js, line 37: mutating the [[Prototype]] of an object will cause your code to run very slowly; instead create the object with the correct initial [[Prototype]] value using Object.create
JavaScript warning: https://ton.twimg.com/tfw/js/native_bundle_v1_a60f951cec872fb6a587da493dfd38d7fb78727d.js, line 37: mutating the [[Prototype]] of an object will cause your code to run very slowly; instead create the object with the correct initial [[Prototype]] value using Object.create
JavaScript warning: https://ton.twimg.com/tfw/js/native_bundle_v1_a60f951cec872fb6a587da493dfd38d7fb78727d.js, line 37: mutating the [[Prototype]] of an object will cause your code to run very slowly; instead create the object with the correct initial [[Prototype]] value using Object.create
JavaScript warning: https://ton.twimg.com/tfw/js/native_bundle_v1_a60f951cec872fb6a587da493dfd38d7fb78727d.js, line 37: mutating the [[Prototype]] of an object will cause your code to run very slowly; instead create the object with the correct initial [[Prototype]] value using Object.create
JavaScript warning: https://ton.twimg.com/tfw/js/native_bundle_v1_a60f951cec872fb6a587da493dfd38d7fb78727d.js, line 37: mutating the [[Prototype]] of an object will cause your code to run very slowly; instead create the object with the correct initial [[Prototype]] value using Object.create
JavaScript warning: https://ton.twimg.com/tfw/js/native_bundle_v1_a60f951cec872fb6a587da493dfd38d7fb78727d.js, line 37: mutating the [[Prototype]] of an object will cause your code to run very slowly; instead create the object with the correct initial [[Prototype]] value using Object.create
JavaScript warning: https://ton.twimg.com/tfw/js/native_bundle_v1_a60f951cec872fb6a587da493dfd38d7fb78727d.js, line 37: mutating the [[Prototype]] of an object will cause your code to run very slowly; instead create the object with the correct initial [[Prototype]] value using Object.create
JavaScript warning: https://ton.twimg.com/tfw/js/native_bundle_v1_a60f951cec872fb6a587da493dfd38d7fb78727d.js, line 37: mutating the [[Prototype]] of an object will cause your code to run very slowly; instead create the object with the correct initial [[Prototype]] value using Object.create
1492728792944	geckodriver	INFO	Listening on 127.0.0.1:56069
1492728793946	mozprofile::profile	INFO	Using profile path /tmp/rust_mozprofile.WtXNu3U172gr
1492728793947	geckodriver::marionette	INFO	Starting browser /usr/bin/firefox
1492728793949	geckodriver::marionette	INFO	Connecting to Marionette on localhost:46313

(firefox-esr:5176): GLib-GObject-CRITICAL **: g_type_add_interface_static: assertion 'g_type_parent (interface_type) == G_TYPE_INTERFACE' failed

(firefox-esr:5176): GLib-GObject-WARNING **: /build/glib2.0-YYXhFA/glib2.0-2.50.3/./gobject/gsignal.c:3492: signal name 'load_complete' is invalid for instance '0x92e88520' of type 'MaiAtkType139'

(firefox-esr:5176): GLib-GObject-CRITICAL **: g_type_add_interface_static: assertion 'g_type_parent (interface_type) == G_TYPE_INTERFACE' failed
1492728807082 Marionette: Element does not have a correct accessibility role and may not be manipulated via the accessibility API -> id: , tagName: INPUT, className: text-input
1492728807110 Marionette: Element does not have a correct accessibility role and may not be manipulated via the accessibility API -> id: , tagName: INPUT, className: text-input
1492728807173 Marionette: Element does not have a correct accessibility role and may not be manipulated via the accessibility API -> id: , tagName: INPUT, className: text-input

(firefox-esr:5176): GLib-GObject-CRITICAL **: g_type_add_interface_static: assertion 'g_type_parent (interface_type) == G_TYPE_INTERFACE' failed

(firefox-esr:5176): GLib-GObject-CRITICAL **: g_type_add_interface_static: assertion 'g_type_parent (interface_type) == G_TYPE_INTERFACE' failed

(firefox-esr:5176): GLib-GObject-CRITICAL **: g_type_add_interface_static: assertion 'g_type_parent (interface_type) == G_TYPE_INTERFACE' failed

(firefox-esr:5176): GLib-GObject-CRITICAL **: g_type_add_interface_static: assertion 'g_type_parent (interface_type) == G_TYPE_INTERFACE' failed

(firefox-esr:5176): GLib-GObject-CRITICAL **: g_type_add_interface_static: assertion 'g_type_parent (interface_type) == G_TYPE_INTERFACE' failed
JavaScript warning: https://abs.twimg.com/web-video-player/ff07f32fbb15fcd2a3b81fa6662786472f0e07b6/js/build.min.js, line 200: mutating the [[Prototype]] of an object will cause your code to run very slowly; instead create the object with the correct initial [[Prototype]] value using Object.create
JavaScript warning: https://abs.twimg.com/web-video-player/ff07f32fbb15fcd2a3b81fa6662786472f0e07b6/js/build.min.js, line 200: mutating the [[Prototype]] of an object will cause your code to run very slowly; instead create the object with the correct initial [[Prototype]] value using Object.create
JavaScript warning: https://abs.twimg.com/web-video-player/ff07f32fbb15fcd2a3b81fa6662786472f0e07b6/js/build.min.js, line 200: mutating the [[Prototype]] of an object will cause your code to run very slowly; instead create the object with the correct initial [[Prototype]] value using Object.create
JavaScript warning: https://ton.twimg.com/tfw/js/native_bundle_v1_a60f951cec872fb6a587da493dfd38d7fb78727d.js, line 37: mutating the [[Prototype]] of an object will cause your code to run very slowly; instead create the object with the correct initial [[Prototype]] value using Object.create
JavaScript warning: https://ton.twimg.com/tfw/js/native_bundle_v1_a60f951cec872fb6a587da493dfd38d7fb78727d.js, line 37: mutating the [[Prototype]] of an object will cause your code to run very slowly; instead create the object with the correct initial [[Prototype]] value using Object.create
1492728856036	addons.productaddons	ERROR	Request failed certificate checks: [Exception... "SSL is required and URI scheme is not https."  nsresult: "0x8000ffff (NS_ERROR_UNEXPECTED)"  location: "JS frame :: resource://gre/modules/CertUtils.jsm :: checkCert :: line 145"  data: no]
JavaScript warning: https://ton.twimg.com/tfw/js/native_bundle_v1_a60f951cec872fb6a587da493dfd38d7fb78727d.js, line 37: mutating the [[Prototype]] of an object will cause your code to run very slowly; instead create the object with the correct initial [[Prototype]] value using Object.create
JavaScript warning: https://ton.twimg.com/tfw/js/native_bundle_v1_a60f951cec872fb6a587da493dfd38d7fb78727d.js, line 37: mutating the [[Prototype]] of an object will cause your code to run very slowly; instead create the object with the correct initial [[Prototype]] value using Object.create
JavaScript warning: https://ton.twimg.com/tfw/js/native_bundle_v1_a60f951cec872fb6a587da493dfd38d7fb78727d.js, line 37: mutating the [[Prototype]] of an object will cause your code to run very slowly; instead create the object with the correct initial [[Prototype]] value using Object.create
JavaScript warning: https://ton.twimg.com/tfw/js/native_bundle_v1_a60f951cec872fb6a587da493dfd38d7fb78727d.js, line 37: mutating the [[Prototype]] of an object will cause your code to run very slowly; instead create the object with the correct initial [[Prototype]] value using Object.create
JavaScript warning: https://ton.twimg.com/tfw/js/native_bundle_v1_a60f951cec872fb6a587da493dfd38d7fb78727d.js, line 37: mutating the [[Prototype]] of an object will cause your code to run very slowly; instead create the object with the correct initial [[Prototype]] value using Object.create
JavaScript warning: https://ton.twimg.com/tfw/js/native_bundle_v1_a60f951cec872fb6a587da493dfd38d7fb78727d.js, line 37: mutating the [[Prototype]] of an object will cause your code to run very slowly; instead create the object with the correct initial [[Prototype]] value using Object.create
JavaScript warning: https://ton.twimg.com/tfw/js/native_bundle_v1_a60f951cec872fb6a587da493dfd38d7fb78727d.js, line 37: mutating the [[Prototype]] of an object will cause your code to run very slowly; instead create the object with the correct initial [[Prototype]] value using Object.create
JavaScript warning: https://ton.twimg.com/tfw/js/native_bundle_v1_a60f951cec872fb6a587da493dfd38d7fb78727d.js, line 37: mutating the [[Prototype]] of an object will cause your code to run very slowly; instead create the object with the correct initial [[Prototype]] value using Object.create
JavaScript warning: https://ton.twimg.com/tfw/js/native_bundle_v1_a60f951cec872fb6a587da493dfd38d7fb78727d.js, line 37: mutating the [[Prototype]] of an object will cause your code to run very slowly; instead create the object with the correct initial [[Prototype]] value using Object.create
JavaScript warning: https://abs.twimg.com/web-video-player/ff07f32fbb15fcd2a3b81fa6662786472f0e07b6/js/build.min.js, line 200: mutating the [[Prototype]] of an object will cause your code to run very slowly; instead create the object with the correct initial [[Prototype]] value using Object.create
JavaScript warning: https://abs.twimg.com/web-video-player/ff07f32fbb15fcd2a3b81fa6662786472f0e07b6/js/build.min.js, line 200: mutating the [[Prototype]] of an object will cause your code to run very slowly; instead create the object with the correct initial [[Prototype]] value using Object.create
